Using pre-set license
Built from '2022.3/staging' branch; Version is '2022.3.11f1 (d00248457e15) revision 13632072'; Using compiler version '192829333'; Build Type 'Release'
OS: 'Windows 10  (10.0.19045) 64bit CoreSingleLanguage' Language: 'en' Physical Memory: 15791 MB
BatchMode: 1, IsHumanControllingUs: 0, StartBugReporterOnCrash: 0, Is64bit: 1, IsPro: 1

COMMAND LINE ARGUMENTS:
C:\Program Files\Unity\Hub\Editor\2022.3.11f1\Editor\Unity.exe
-adb2
-batchMode
-noUpm
-name
AssetImportWorker0
-projectPath
C:/Users/talee/Space Combat
-logFile
Logs/AssetImportWorker0.log
-srvPort
56196
Successfully changed project path to: C:/Users/talee/Space Combat
C:/Users/talee/Space Combat
[UnityMemory] Configuration Parameters - Can be set up in boot.config
    "memorysetup-bucket-allocator-granularity=16"
    "memorysetup-bucket-allocator-bucket-count=8"
    "memorysetup-bucket-allocator-block-size=33554432"
    "memorysetup-bucket-allocator-block-count=8"
    "memorysetup-main-allocator-block-size=16777216"
    "memorysetup-thread-allocator-block-size=16777216"
    "memorysetup-gfx-main-allocator-block-size=16777216"
    "memorysetup-gfx-thread-allocator-block-size=16777216"
    "memorysetup-cache-allocator-block-size=4194304"
    "memorysetup-typetree-allocator-block-size=2097152"
    "memorysetup-profiler-bucket-allocator-granularity=16"
    "memorysetup-profiler-bucket-allocator-bucket-count=8"
    "memorysetup-profiler-bucket-allocator-block-size=33554432"
    "memorysetup-profiler-bucket-allocator-block-count=8"
    "memorysetup-profiler-allocator-block-size=16777216"
    "memorysetup-profiler-editor-allocator-block-size=1048576"
    "memorysetup-temp-allocator-size-main=16777216"
    "memorysetup-job-temp-allocator-block-size=2097152"
    "memorysetup-job-temp-allocator-block-size-background=1048576"
    "memorysetup-job-temp-allocator-reduction-small-platforms=262144"
    "memorysetup-allocator-temp-initial-block-size-main=262144"
    "memorysetup-allocator-temp-initial-block-size-worker=262144"
    "memorysetup-temp-allocator-size-background-worker=32768"
    "memorysetup-temp-allocator-size-job-worker=262144"
    "memorysetup-temp-allocator-size-preload-manager=33554432"
    "memorysetup-temp-allocator-size-nav-mesh-worker=65536"
    "memorysetup-temp-allocator-size-audio-worker=65536"
    "memorysetup-temp-allocator-size-cloud-worker=32768"
    "memorysetup-temp-allocator-size-gi-baking-worker=262144"
    "memorysetup-temp-allocator-size-gfx=262144"
Player connection [3844] Host "[IP] 192.168.56.1 [Port] 0 [Flags] 2 [Guid] 1828139783 [EditorId] 1828139783 [Version] 1048832 [Id] WindowsEditor(7,DESKTOP-A81380T) [Debug] 1 [PackageName] WindowsEditor [ProjectName] Editor" joined multi-casting on [225.0.0.222:54997]...

Player connection [3844] Host "[IP] 192.168.56.1 [Port] 0 [Flags] 2 [Guid] 1828139783 [EditorId] 1828139783 [Version] 1048832 [Id] WindowsEditor(7,DESKTOP-A81380T) [Debug] 1 [PackageName] WindowsEditor [ProjectName] Editor" joined alternative multi-casting on [225.0.0.222:34997]...

[Physics::Module] Initialized MultithreadedJobDispatcher with 7 workers.
Refreshing native plugins compatible for Editor in 128.23 ms, found 3 plugins.
Preloading 0 native plugins for Editor in 0.00 ms.
Initialize engine version: 2022.3.11f1 (d00248457e15)
[Subsystems] Discovering subsystems at path C:/Program Files/Unity/Hub/Editor/2022.3.11f1/Editor/Data/Resources/UnitySubsystems
[Subsystems] Discovering subsystems at path C:/Users/talee/Space Combat/Assets
GfxDevice: creating device client; threaded=0; jobified=0
Direct3D:
    Version:  Direct3D 11.0 [level 11.1]
    Renderer: AMD Radeon(TM) Graphics (ID=0x1636)
    Vendor:   ATI
    VRAM:     7895 MB
    Driver:   30.0.13044.3001
Initialize mono
Mono path[0] = 'C:/Program Files/Unity/Hub/Editor/2022.3.11f1/Editor/Data/Managed'
Mono path[1] = 'C:/Program Files/Unity/Hub/Editor/2022.3.11f1/Editor/Data/MonoBleedingEdge/lib/mono/unityjit-win32'
Mono config path = 'C:/Program Files/Unity/Hub/Editor/2022.3.11f1/Editor/Data/MonoBleedingEdge/etc'
Using monoOptions --debugger-agent=transport=dt_socket,embedding=1,server=y,suspend=n,address=127.0.0.1:56020
Begin MonoManager ReloadAssembly
Registering precompiled unity dll's ...
Register platform support module: C:/Program Files/Unity/Hub/Editor/2022.3.11f1/Editor/Data/PlaybackEngines/WebGLSupport/UnityEditor.WebGL.Extensions.dll
Register platform support module: C:/Program Files/Unity/Hub/Editor/2022.3.11f1/Editor/Data/PlaybackEngines/WindowsStandaloneSupport/UnityEditor.WindowsStandalone.Extensions.dll
Registered in 0.018746 seconds.
- Loaded All Assemblies, in  1.438 seconds
Native extension for WindowsStandalone target not found
Native extension for WebGL target not found
Mono: successfully reloaded assembly
- Finished resetting the current domain, in  0.416 seconds
Domain Reload Profiling: 1852ms
	BeginReloadAssembly (171ms)
		ExecutionOrderSort (0ms)
		DisableScriptedObjects (0ms)
		BackupInstance (0ms)
		ReleaseScriptingObjects (0ms)
		CreateAndSetChildDomain (1ms)
	RebuildCommonClasses (302ms)
	RebuildNativeTypeToScriptingClass (18ms)
	initialDomainReloadingComplete (122ms)
	LoadAllAssembliesAndSetupDomain (822ms)
		LoadAssemblies (169ms)
		RebuildTransferFunctionScriptingTraits (0ms)
		AnalyzeDomain (819ms)
			TypeCache.Refresh (817ms)
				TypeCache.ScanAssembly (797ms)
			ScanForSourceGeneratedMonoScriptInfo (1ms)
			ResolveRequiredComponents (1ms)
	FinalizeReload (416ms)
		ReleaseScriptCaches (0ms)
		RebuildScriptCaches (0ms)
		SetupLoadedEditorAssemblies (322ms)
			LogAssemblyErrors (0ms)
			InitializePlatformSupportModulesInManaged (18ms)
			SetLoadedEditorAssemblies (9ms)
			RefreshPlugins (0ms)
			BeforeProcessingInitializeOnLoad (3ms)
			ProcessInitializeOnLoadAttributes (212ms)
			ProcessInitializeOnLoadMethodAttributes (80ms)
			AfterProcessingInitializeOnLoad (0ms)
			EditorAssembliesLoaded (0ms)
		ExecutionOrderSort2 (0ms)
		AwakeInstancesAfterBackupRestoration (0ms)
========================================================================
Worker process is ready to serve import requests
Begin MonoManager ReloadAssembly
- Loaded All Assemblies, in  0.770 seconds
Refreshing native plugins compatible for Editor in 2.68 ms, found 3 plugins.
Native extension for WindowsStandalone target not found
Native extension for WebGL target not found
Package Manager log level set to [2]
[Package Manager] Server::EnsureServerProcessIsRunning -- launch failed, reason: Unity was launched with the -noUpm command-line argument
[Package Manager] UpmClient::Send -- Unable to send message (not connected to UPM process).
[Package Manager] Cannot connect to Unity Package Manager local server
Mono: successfully reloaded assembly
- Finished resetting the current domain, in  0.633 seconds
Domain Reload Profiling: 1402ms
	BeginReloadAssembly (176ms)
		ExecutionOrderSort (0ms)
		DisableScriptedObjects (8ms)
		BackupInstance (0ms)
		ReleaseScriptingObjects (0ms)
		CreateAndSetChildDomain (33ms)
	RebuildCommonClasses (37ms)
	RebuildNativeTypeToScriptingClass (11ms)
	initialDomainReloadingComplete (50ms)
	LoadAllAssembliesAndSetupDomain (493ms)
		LoadAssemblies (346ms)
		RebuildTransferFunctionScriptingTraits (0ms)
		AnalyzeDomain (239ms)
			TypeCache.Refresh (219ms)
				TypeCache.ScanAssembly (151ms)
			ScanForSourceGeneratedMonoScriptInfo (14ms)
			ResolveRequiredComponents (4ms)
	FinalizeReload (634ms)
		ReleaseScriptCaches (0ms)
		RebuildScriptCaches (0ms)
		SetupLoadedEditorAssemblies (468ms)
			LogAssemblyErrors (0ms)
			InitializePlatformSupportModulesInManaged (8ms)
			SetLoadedEditorAssemblies (5ms)
			RefreshPlugins (0ms)
			BeforeProcessingInitializeOnLoad (70ms)
			ProcessInitializeOnLoadAttributes (353ms)
			ProcessInitializeOnLoadMethodAttributes (22ms)
			AfterProcessingInitializeOnLoad (8ms)
			EditorAssembliesLoaded (0ms)
		ExecutionOrderSort2 (0ms)
		AwakeInstancesAfterBackupRestoration (7ms)
Launched and connected shader compiler UnityShaderCompiler.exe after 0.22 seconds
Refreshing native plugins compatible for Editor in 3.88 ms, found 3 plugins.
Preloading 0 native plugins for Editor in 0.00 ms.
Unloading 3085 Unused Serialized files (Serialized files now loaded: 0)
Unloading 32 unused Assets / (57.2 KB). Loaded Objects now: 3548.
Memory consumption went from 124.2 MB to 124.1 MB.
Total: 4.235800 ms (FindLiveObjects: 0.489700 ms CreateObjectMapping: 0.171500 ms MarkObjects: 3.433700 ms  DeleteObjects: 0.138600 ms)

AssetImportParameters requested are different than current active one (requested -> active):
  custom:container-demuxer-ogg: 62fdf1f143b41e24485cea50d1cbac27 -> 
  custom:video-decoder-ogg-theora: a1e56fd34408186e4bbccfd4996cb3dc -> 
  custom:framework-win-MediaFoundation: 216162199b28c13a410421893ffa2e32 -> 
  custom:CustomObjectIndexerAttribute: 756ad292c208cfabdd7b50bc23989ffe -> 
  custom:container-demuxer-webm: 4f35f7cbe854078d1ac9338744f61a02 -> 
  custom:container-muxer-webm: aa71ff27fc2769a1b78a27578f13a17b -> 
  custom:video-decoder-webm-vp8: 9c59270c3fd7afecdb556c50c9e8de78 -> 
  custom:SearchIndexIgnoredProperties: e643bd26f0fe6173181afceb89e7c659 -> 
  custom:AudioImporter_EditorPlatform: d09bf68614088b80899f8185d706f6e7 -> 
  custom:video-encoder-webm-vp8: eb34c28f22e8b96e1ab97ce403110664 -> 
  custom:audio-decoder-ogg-vorbis: bf7c407c2cedff20999df2af8eb42d56 -> 
  custom:audio-encoder-webm-vorbis: bf7c407c2cedff20999df2af8eb42d56 -> 
========================================================================
Received Import Request.
  Time since last request: 188219.113047 seconds.
  path: Assets/Characters/StarSparrow/Meshes/BonusContent/FlyingInsects3.FBX
  artifactKey: Guid(b2359fd8578c87649ad70d6001527479) Importer(815301076,1909f56bfc062723c751e8b465ee728b)
Start importing Assets/Characters/StarSparrow/Meshes/BonusContent/FlyingInsects3.FBX using Guid(b2359fd8578c87649ad70d6001527479) Importer(815301076,1909f56bfc062723c751e8b465ee728b)  -> (artifact id: '1718251d47aba09920fb6cd7a57d6d2d') in 0.158201 seconds
Number of updated asset objects reloaded before import = 0
Number of asset objects unloaded after import = 7
========================================================================
Received Import Request.
  Time since last request: 0.000061 seconds.
  path: Assets/Characters/StarSparrow/Meshes/BonusContent/Clouds.FBX
  artifactKey: Guid(39cdb5f1ef2da0b4aa187d9779c3a6e8) Importer(815301076,1909f56bfc062723c751e8b465ee728b)
Start importing Assets/Characters/StarSparrow/Meshes/BonusContent/Clouds.FBX using Guid(39cdb5f1ef2da0b4aa187d9779c3a6e8) Importer(815301076,1909f56bfc062723c751e8b465ee728b)  -> (artifact id: 'c42722611f42798fb336645ba4ba85c1') in 0.030100 seconds
Number of updated asset objects reloaded before import = 0
Number of asset objects unloaded after import = 7
========================================================================
Received Import Request.
  Time since last request: 0.000019 seconds.
  path: Assets/Characters/StarSparrow/Readme/Readme Files/Scripts
  artifactKey: Guid(5a9bcd70e6a4b4b05badaa72e827d8e0) Importer(815301076,1909f56bfc062723c751e8b465ee728b)
Start importing Assets/Characters/StarSparrow/Readme/Readme Files/Scripts using Guid(5a9bcd70e6a4b4b05badaa72e827d8e0) Importer(815301076,1909f56bfc062723c751e8b465ee728b)  -> (artifact id: '0dad9017f83fe25806db5d6214454025') in 0.000603 seconds
Number of updated asset objects reloaded before import = 0
Number of asset objects unloaded after import = 0
========================================================================
Received Import Request.
  Time since last request: 0.000099 seconds.
  path: Assets/Characters/StarSparrow/Meshes/BonusContent/MinesSample.FBX
  artifactKey: Guid(6ed599d7224ee9943b11064add7ed981) Importer(815301076,1909f56bfc062723c751e8b465ee728b)
Start importing Assets/Characters/StarSparrow/Meshes/BonusContent/MinesSample.FBX using Guid(6ed599d7224ee9943b11064add7ed981) Importer(815301076,1909f56bfc062723c751e8b465ee728b)  -> (artifact id: 'e3eb4398a52f272c4ea4a588e9edf625') in 0.040036 seconds
Number of updated asset objects reloaded before import = 0
Number of asset objects unloaded after import = 14
========================================================================
Received Import Request.
  Time since last request: 0.000024 seconds.
  path: Assets/Characters/StarSparrow/Meshes/BonusContent/FlyingInsects3_Wing4.FBX
  artifactKey: Guid(bb401a4b2f241b54f904ccba8227557f) Importer(815301076,1909f56bfc062723c751e8b465ee728b)
Start importing Assets/Characters/StarSparrow/Meshes/BonusContent/FlyingInsects3_Wing4.FBX using Guid(bb401a4b2f241b54f904ccba8227557f) Importer(815301076,1909f56bfc062723c751e8b465ee728b)  -> (artifact id: '7be097d2e2a1177b50d1cb5a229d228d') in 0.026633 seconds
Number of updated asset objects reloaded before import = 0
Number of asset objects unloaded after import = 7
========================================================================
Received Import Request.
  Time since last request: 0.000021 seconds.
  path: Assets/Characters/StarSparrow/Meshes/BonusContent/FlyingInsects3_Wing3.FBX
  artifactKey: Guid(b194a334c875d914aa66569a0a81be6c) Importer(815301076,1909f56bfc062723c751e8b465ee728b)
Start importing Assets/Characters/StarSparrow/Meshes/BonusContent/FlyingInsects3_Wing3.FBX using Guid(b194a334c875d914aa66569a0a81be6c) Importer(815301076,1909f56bfc062723c751e8b465ee728b)  -> (artifact id: '3f1a59e0616b14f0d1af62343599d9e1') in 0.024262 seconds
Number of updated asset objects reloaded before import = 0
Number of asset objects unloaded after import = 7
========================================================================
Received Import Request.
  Time since last request: 0.000024 seconds.
  path: Assets/Characters/StarSparrow/Meshes/BonusContent/FlyingInsects3_Wing2.FBX
  artifactKey: Guid(a48942f1defa105409300c6ae5ade981) Importer(815301076,1909f56bfc062723c751e8b465ee728b)
Start importing Assets/Characters/StarSparrow/Meshes/BonusContent/FlyingInsects3_Wing2.FBX using Guid(a48942f1defa105409300c6ae5ade981) Importer(815301076,1909f56bfc062723c751e8b465ee728b)  -> (artifact id: 'f932ea5ad0e1ba8451c1cfe9624fa6ee') in 0.025726 seconds
Number of updated asset objects reloaded before import = 0
Number of asset objects unloaded after import = 7
========================================================================
Received Import Request.
  Time since last request: 0.000026 seconds.
  path: Assets/Characters/StarSparrow/Meshes/BonusContent/StarSparrow_1_LP_Red.fbx
  artifactKey: Guid(23908a99b9ed72b4480176cae54d422d) Importer(815301076,1909f56bfc062723c751e8b465ee728b)
Start importing Assets/Characters/StarSparrow/Meshes/BonusContent/StarSparrow_1_LP_Red.fbx using Guid(23908a99b9ed72b4480176cae54d422d) Importer(815301076,1909f56bfc062723c751e8b465ee728b)  -> (artifact id: '3873ac42204733b15977d5f67f409740') in 0.024581 seconds
Number of updated asset objects reloaded before import = 0
Number of asset objects unloaded after import = 7
========================================================================
Received Import Request.
  Time since last request: 0.000020 seconds.
  path: Assets/Characters/StarSparrow/Meshes/BonusContent/AsteroidsSample.FBX
  artifactKey: Guid(4514a249f7ca7d44b8eb4cbd48174504) Importer(815301076,1909f56bfc062723c751e8b465ee728b)
Start importing Assets/Characters/StarSparrow/Meshes/BonusContent/AsteroidsSample.FBX using Guid(4514a249f7ca7d44b8eb4cbd48174504) Importer(815301076,1909f56bfc062723c751e8b465ee728b)  -> (artifact id: '8eb0d208251e3897641ab9f2b26b61c6') in 0.044297 seconds
Number of updated asset objects reloaded before import = 0
Number of asset objects unloaded after import = 14
========================================================================
Received Import Request.
  Time since last request: 3.013178 seconds.
  path: Assets/Characters/StarSparrow/Scenes/Settings/LightingSettings.lighting
  artifactKey: Guid(cf55f26a31b9b854e9192464da5e21e1) Importer(815301076,1909f56bfc062723c751e8b465ee728b)
Start importing Assets/Characters/StarSparrow/Scenes/Settings/LightingSettings.lighting using Guid(cf55f26a31b9b854e9192464da5e21e1) Importer(815301076,1909f56bfc062723c751e8b465ee728b)  -> (artifact id: '69deeacbe1a57ddd6c27e8fc7ae2ef5c') in 0.003219 seconds
Number of updated asset objects reloaded before import = 0
Number of asset objects unloaded after import = 1
========================================================================
Received Import Request.
  Time since last request: 9.034147 seconds.
  path: Assets/Free Galaxy Background/Galaxy 01.png
  artifactKey: Guid(e35de283f6d110b4bb164d04f6547746) Importer(815301076,1909f56bfc062723c751e8b465ee728b)
Start importing Assets/Free Galaxy Background/Galaxy 01.png using Guid(e35de283f6d110b4bb164d04f6547746) Importer(815301076,1909f56bfc062723c751e8b465ee728b)  -> (artifact id: '5a7d47112ee0dbcd41ae7ac1b35685bb') in 0.091487 seconds
Number of updated asset objects reloaded before import = 0
Number of asset objects unloaded after import = 3
========================================================================
Received Import Request.
  Time since last request: 0.000031 seconds.
  path: Assets/Free Galaxy Background/Galaxy 04.png
  artifactKey: Guid(7ee68eaa24e46234f9aea5e8815f8f29) Importer(815301076,1909f56bfc062723c751e8b465ee728b)
Start importing Assets/Free Galaxy Background/Galaxy 04.png using Guid(7ee68eaa24e46234f9aea5e8815f8f29) Importer(815301076,1909f56bfc062723c751e8b465ee728b)  -> (artifact id: '46ebd544d43302f9e2ebf877de73bb20') in 0.048917 seconds
Number of updated asset objects reloaded before import = 0
Number of asset objects unloaded after import = 3
========================================================================
Received Import Request.
  Time since last request: 0.000032 seconds.
  path: Assets/Free Galaxy Background/Galaxy 05.png
  artifactKey: Guid(a351a0b27e67d654a83bc3d461c3d087) Importer(815301076,1909f56bfc062723c751e8b465ee728b)
Start importing Assets/Free Galaxy Background/Galaxy 05.png using Guid(a351a0b27e67d654a83bc3d461c3d087) Importer(815301076,1909f56bfc062723c751e8b465ee728b)  -> (artifact id: '410ec12ac9bdf59f2677866db995f3f1') in 0.043880 seconds
Number of updated asset objects reloaded before import = 0
Number of asset objects unloaded after import = 3
========================================================================
Received Import Request.
  Time since last request: 0.000082 seconds.
  path: Assets/Free Galaxy Background/Galaxy 03.png
  artifactKey: Guid(54d6307a2f2e6c04a946bd016fabc35a) Importer(815301076,1909f56bfc062723c751e8b465ee728b)
Start importing Assets/Free Galaxy Background/Galaxy 03.png using Guid(54d6307a2f2e6c04a946bd016fabc35a) Importer(815301076,1909f56bfc062723c751e8b465ee728b)  -> (artifact id: '1488990d96cf7da48cc9bb3700962d3d') in 0.046154 seconds
Number of updated asset objects reloaded before import = 0
Number of asset objects unloaded after import = 3
========================================================================
Received Import Request.
  Time since last request: 0.000034 seconds.
  path: Assets/Free Galaxy Background/Galaxy 07.png
  artifactKey: Guid(375a7d5cac1d0ca4cb9161b5a2c3d9ad) Importer(815301076,1909f56bfc062723c751e8b465ee728b)
Start importing Assets/Free Galaxy Background/Galaxy 07.png using Guid(375a7d5cac1d0ca4cb9161b5a2c3d9ad) Importer(815301076,1909f56bfc062723c751e8b465ee728b)  -> (artifact id: '2968b793b6cfe427a4c5da627310189c') in 0.045719 seconds
Number of updated asset objects reloaded before import = 0
Number of asset objects unloaded after import = 3
